<?xml version="1.0" encoding="UTF-8"?>
<testng-results ignored="0" total="1" passed="1" failed="0" skipped="0">
  <reporter-output>
  </reporter-output>
  <suite started-at="2025-07-22T22:28:56 IST" name="Default suite" finished-at="2025-07-22T22:28:56 IST" duration-ms="39">
    <groups>
    </groups>
    <test started-at="2025-07-22T22:28:56 IST" name="Default test" finished-at="2025-07-22T22:28:56 IST" duration-ms="39">
      <class name="packageA.WordCount">
        <test-method signature="countWordsTest()[pri:0, instance:packageA.WordCount@126945f9]" started-at="2025-07-22T22:28:56 IST" name="countWordsTest" finished-at="2025-07-22T22:28:56 IST" duration-ms="7" status="PASS">
          <reporter-output>
          </reporter-output>
        </test-method> <!-- countWordsTest -->
      </class> <!-- packageA.WordCount -->
    </test> <!-- Default test -->
  </suite> <!-- Default suite -->
</testng-results>
